/!\ FAILSAFE /!\  2009-10-28 11:07:38 -0400
  Status: 500 Internal Server Error
  no such file to load -- sqlite3
    /usr/local/lib/ruby/gems/1.9.1/gems/activesupport-2.3.4/lib/active_support/dependencies.rb:156:in `require'
    /usr/local/lib/ruby/gems/1.9.1/gems/activesupport-2.3.4/lib/active_support/dependencies.rb:156:in `block in require'
    /usr/local/lib/ruby/gems/1.9.1/gems/activesupport-2.3.4/lib/active_support/dependencies.rb:521:in `new_constants_in'
    /usr/local/lib/ruby/gems/1.9.1/gems/activesupport-2.3.4/lib/active_support/dependencies.rb:156:in `require'
    /usr/local/lib/ruby/gems/1.9.1/gems/activesupport-2.3.4/lib/active_support/core_ext/kernel/requires.rb:7:in `block in require_library_or_gem'
    /usr/local/lib/ruby/gems/1.9.1/gems/activesupport-2.3.4/lib/active_support/core_ext/kernel/reporting.rb:11:in `silence_warnings'
    /usr/local/lib/ruby/gems/1.9.1/gems/activesupport-2.3.4/lib/active_support/core_ext/kernel/requires.rb:5:in `require_library_or_gem'
    /usr/local/lib/ruby/gems/1.9.1/gems/activerecord-2.3.4/lib/active_record/connection_adapters/sqlite3_adapter.rb:10:in `sqlite3_connection'
    /usr/local/lib/ruby/gems/1.9.1/gems/activerecord-2.3.4/lib/active_record/connection_adapters/abstract/connection_pool.rb:223:in `new_connection'
    /usr/local/lib/ruby/gems/1.9.1/gems/activerecord-2.3.4/lib/active_record/connection_adapters/abstract/connection_pool.rb:245:in `checkout_new_connection'
    /usr/local/lib/ruby/gems/1.9.1/gems/activerecord-2.3.4/lib/active_record/connection_adapters/abstract/connection_pool.rb:188:in `block (2 levels) in checkout'
    /usr/local/lib/ruby/gems/1.9.1/gems/activerecord-2.3.4/lib/active_record/connection_adapters/abstract/connection_pool.rb:184:in `loop'
    /usr/local/lib/ruby/gems/1.9.1/gems/activerecord-2.3.4/lib/active_record/connection_adapters/abstract/connection_pool.rb:184:in `block in checkout'
    /usr/local/lib/ruby/1.9.1/monitor.rb:190:in `mon_synchronize'
    /usr/local/lib/ruby/gems/1.9.1/gems/activerecord-2.3.4/lib/active_record/connection_adapters/abstract/connection_pool.rb:183:in `checkout'
    /usr/local/lib/ruby/gems/1.9.1/gems/activerecord-2.3.4/lib/active_record/connection_adapters/abstract/connection_pool.rb:98:in `connection'
    /usr/local/lib/ruby/gems/1.9.1/gems/activerecord-2.3.4/lib/active_record/connection_adapters/abstract/connection_pool.rb:326:in `retrieve_connection'
    /usr/local/lib/ruby/gems/1.9.1/gems/activerecord-2.3.4/lib/active_record/connection_adapters/abstract/connection_specification.rb:123:in `retrieve_connection'
    /usr/local/lib/ruby/gems/1.9.1/gems/activerecord-2.3.4/lib/active_record/connection_adapters/abstract/connection_specification.rb:115:in `connection'
    /usr/local/lib/ruby/gems/1.9.1/gems/activerecord-2.3.4/lib/active_record/query_cache.rb:9:in `cache'
    /usr/local/lib/ruby/gems/1.9.1/gems/activerecord-2.3.4/lib/active_record/query_cache.rb:28:in `call'
    /usr/local/lib/ruby/gems/1.9.1/gems/activerecord-2.3.4/lib/active_record/connection_adapters/abstract/connection_pool.rb:361:in `call'
    /usr/local/lib/ruby/gems/1.9.1/gems/rack-1.0.1/lib/rack/head.rb:9:in `call'
    /usr/local/lib/ruby/gems/1.9.1/gems/rack-1.0.1/lib/rack/methodoverride.rb:24:in `call'
    /usr/local/lib/ruby/gems/1.9.1/gems/actionpack-2.3.4/lib/action_controller/params_parser.rb:15:in `call'
    /usr/local/lib/ruby/gems/1.9.1/gems/actionpack-2.3.4/lib/action_controller/session/cookie_store.rb:93:in `call'
    /usr/local/lib/ruby/gems/1.9.1/gems/actionpack-2.3.4/lib/action_controller/failsafe.rb:26:in `call'
    /usr/local/lib/ruby/gems/1.9.1/gems/rack-1.0.1/lib/rack/lock.rb:11:in `block in call'
    <internal:prelude>:8:in `synchronize'
    /usr/local/lib/ruby/gems/1.9.1/gems/rack-1.0.1/lib/rack/lock.rb:11:in `call'
    /usr/local/lib/ruby/gems/1.9.1/gems/actionpack-2.3.4/lib/action_controller/dispatcher.rb:114:in `block in call'
    /usr/local/lib/ruby/gems/1.9.1/gems/actionpack-2.3.4/lib/action_controller/reloader.rb:34:in `run'
    /usr/local/lib/ruby/gems/1.9.1/gems/actionpack-2.3.4/lib/action_controller/dispatcher.rb:108:in `call'
    /usr/local/lib/ruby/gems/1.9.1/gems/rails-2.3.4/lib/rails/rack/static.rb:31:in `call'
    /usr/local/lib/ruby/gems/1.9.1/gems/rack-1.0.1/lib/rack/urlmap.rb:46:in `block in call'
    /usr/local/lib/ruby/gems/1.9.1/gems/rack-1.0.1/lib/rack/urlmap.rb:40:in `each'
    /usr/local/lib/ruby/gems/1.9.1/gems/rack-1.0.1/lib/rack/urlmap.rb:40:in `call'
    /usr/local/lib/ruby/gems/1.9.1/gems/rails-2.3.4/lib/rails/rack/log_tailer.rb:17:in `call'
    /usr/local/lib/ruby/gems/1.9.1/gems/rack-1.0.1/lib/rack/content_length.rb:13:in `call'
    /usr/local/lib/ruby/gems/1.9.1/gems/rack-1.0.1/lib/rack/handler/webrick.rb:50:in `service'
    /usr/local/lib/ruby/1.9.1/webrick/httpserver.rb:111:in `service'
    /usr/local/lib/ruby/1.9.1/webrick/httpserver.rb:70:in `run'
    /usr/local/lib/ruby/1.9.1/webrick/server.rb:183:in `block in start_thread'
/!\ FAILSAFE /!\  2009-10-28 11:08:41 -0400
  Status: 500 Internal Server Error
  no such file to load -- sqlite3
    /usr/local/lib/ruby/gems/1.9.1/gems/activesupport-2.3.4/lib/active_support/dependencies.rb:156:in `require'
    /usr/local/lib/ruby/gems/1.9.1/gems/activesupport-2.3.4/lib/active_support/dependencies.rb:156:in `block in require'
    /usr/local/lib/ruby/gems/1.9.1/gems/activesupport-2.3.4/lib/active_support/dependencies.rb:521:in `new_constants_in'
    /usr/local/lib/ruby/gems/1.9.1/gems/activesupport-2.3.4/lib/active_support/dependencies.rb:156:in `require'
    /usr/local/lib/ruby/gems/1.9.1/gems/activesupport-2.3.4/lib/active_support/core_ext/kernel/requires.rb:7:in `block in require_library_or_gem'
    /usr/local/lib/ruby/gems/1.9.1/gems/activesupport-2.3.4/lib/active_support/core_ext/kernel/reporting.rb:11:in `silence_warnings'
    /usr/local/lib/ruby/gems/1.9.1/gems/activesupport-2.3.4/lib/active_support/core_ext/kernel/requires.rb:5:in `require_library_or_gem'
    /usr/local/lib/ruby/gems/1.9.1/gems/activerecord-2.3.4/lib/active_record/connection_adapters/sqlite3_adapter.rb:10:in `sqlite3_connection'
    /usr/local/lib/ruby/gems/1.9.1/gems/activerecord-2.3.4/lib/active_record/connection_adapters/abstract/connection_pool.rb:223:in `new_connection'
    /usr/local/lib/ruby/gems/1.9.1/gems/activerecord-2.3.4/lib/active_record/connection_adapters/abstract/connection_pool.rb:245:in `checkout_new_connection'
    /usr/local/lib/ruby/gems/1.9.1/gems/activerecord-2.3.4/lib/active_record/connection_adapters/abstract/connection_pool.rb:188:in `block (2 levels) in checkout'
    /usr/local/lib/ruby/gems/1.9.1/gems/activerecord-2.3.4/lib/active_record/connection_adapters/abstract/connection_pool.rb:184:in `loop'
    /usr/local/lib/ruby/gems/1.9.1/gems/activerecord-2.3.4/lib/active_record/connection_adapters/abstract/connection_pool.rb:184:in `block in checkout'
    /usr/local/lib/ruby/1.9.1/monitor.rb:190:in `mon_synchronize'
    /usr/local/lib/ruby/gems/1.9.1/gems/activerecord-2.3.4/lib/active_record/connection_adapters/abstract/connection_pool.rb:183:in `checkout'
    /usr/local/lib/ruby/gems/1.9.1/gems/activerecord-2.3.4/lib/active_record/connection_adapters/abstract/connection_pool.rb:98:in `connection'
    /usr/local/lib/ruby/gems/1.9.1/gems/activerecord-2.3.4/lib/active_record/connection_adapters/abstract/connection_pool.rb:326:in `retrieve_connection'
    /usr/local/lib/ruby/gems/1.9.1/gems/activerecord-2.3.4/lib/active_record/connection_adapters/abstract/connection_specification.rb:123:in `retrieve_connection'
    /usr/local/lib/ruby/gems/1.9.1/gems/activerecord-2.3.4/lib/active_record/connection_adapters/abstract/connection_specification.rb:115:in `connection'
    /usr/local/lib/ruby/gems/1.9.1/gems/activerecord-2.3.4/lib/active_record/query_cache.rb:9:in `cache'
    /usr/local/lib/ruby/gems/1.9.1/gems/activerecord-2.3.4/lib/active_record/query_cache.rb:28:in `call'
    /usr/local/lib/ruby/gems/1.9.1/gems/activerecord-2.3.4/lib/active_record/connection_adapters/abstract/connection_pool.rb:361:in `call'
    /usr/local/lib/ruby/gems/1.9.1/gems/rack-1.0.1/lib/rack/head.rb:9:in `call'
    /usr/local/lib/ruby/gems/1.9.1/gems/rack-1.0.1/lib/rack/methodoverride.rb:24:in `call'
    /usr/local/lib/ruby/gems/1.9.1/gems/actionpack-2.3.4/lib/action_controller/params_parser.rb:15:in `call'
    /usr/local/lib/ruby/gems/1.9.1/gems/actionpack-2.3.4/lib/action_controller/session/cookie_store.rb:93:in `call'
    /usr/local/lib/ruby/gems/1.9.1/gems/actionpack-2.3.4/lib/action_controller/failsafe.rb:26:in `call'
    /usr/local/lib/ruby/gems/1.9.1/gems/rack-1.0.1/lib/rack/lock.rb:11:in `block in call'
    <internal:prelude>:8:in `synchronize'
    /usr/local/lib/ruby/gems/1.9.1/gems/rack-1.0.1/lib/rack/lock.rb:11:in `call'
    /usr/local/lib/ruby/gems/1.9.1/gems/actionpack-2.3.4/lib/action_controller/dispatcher.rb:114:in `block in call'
    /usr/local/lib/ruby/gems/1.9.1/gems/actionpack-2.3.4/lib/action_controller/reloader.rb:34:in `run'
    /usr/local/lib/ruby/gems/1.9.1/gems/actionpack-2.3.4/lib/action_controller/dispatcher.rb:108:in `call'
    /usr/local/lib/ruby/gems/1.9.1/gems/rails-2.3.4/lib/rails/rack/static.rb:31:in `call'
    /usr/local/lib/ruby/gems/1.9.1/gems/rack-1.0.1/lib/rack/urlmap.rb:46:in `block in call'
    /usr/local/lib/ruby/gems/1.9.1/gems/rack-1.0.1/lib/rack/urlmap.rb:40:in `each'
    /usr/local/lib/ruby/gems/1.9.1/gems/rack-1.0.1/lib/rack/urlmap.rb:40:in `call'
    /usr/local/lib/ruby/gems/1.9.1/gems/rails-2.3.4/lib/rails/rack/log_tailer.rb:17:in `call'
    /usr/local/lib/ruby/gems/1.9.1/gems/rack-1.0.1/lib/rack/content_length.rb:13:in `call'
    /usr/local/lib/ruby/gems/1.9.1/gems/rack-1.0.1/lib/rack/handler/webrick.rb:50:in `service'
    /usr/local/lib/ruby/1.9.1/webrick/httpserver.rb:111:in `service'
    /usr/local/lib/ruby/1.9.1/webrick/httpserver.rb:70:in `run'
    /usr/local/lib/ruby/1.9.1/webrick/server.rb:183:in `block in start_thread'
/!\ FAILSAFE /!\  2009-10-28 11:08:43 -0400
  Status: 500 Internal Server Error
  no such file to load -- sqlite3
    /usr/local/lib/ruby/gems/1.9.1/gems/activesupport-2.3.4/lib/active_support/dependencies.rb:156:in `require'
    /usr/local/lib/ruby/gems/1.9.1/gems/activesupport-2.3.4/lib/active_support/dependencies.rb:156:in `block in require'
    /usr/local/lib/ruby/gems/1.9.1/gems/activesupport-2.3.4/lib/active_support/dependencies.rb:521:in `new_constants_in'
    /usr/local/lib/ruby/gems/1.9.1/gems/activesupport-2.3.4/lib/active_support/dependencies.rb:156:in `require'
    /usr/local/lib/ruby/gems/1.9.1/gems/activesupport-2.3.4/lib/active_support/core_ext/kernel/requires.rb:7:in `block in require_library_or_gem'
    /usr/local/lib/ruby/gems/1.9.1/gems/activesupport-2.3.4/lib/active_support/core_ext/kernel/reporting.rb:11:in `silence_warnings'
    /usr/local/lib/ruby/gems/1.9.1/gems/activesupport-2.3.4/lib/active_support/core_ext/kernel/requires.rb:5:in `require_library_or_gem'
    /usr/local/lib/ruby/gems/1.9.1/gems/activerecord-2.3.4/lib/active_record/connection_adapters/sqlite3_adapter.rb:10:in `sqlite3_connection'
    /usr/local/lib/ruby/gems/1.9.1/gems/activerecord-2.3.4/lib/active_record/connection_adapters/abstract/connection_pool.rb:223:in `new_connection'
    /usr/local/lib/ruby/gems/1.9.1/gems/activerecord-2.3.4/lib/active_record/connection_adapters/abstract/connection_pool.rb:245:in `checkout_new_connection'
    /usr/local/lib/ruby/gems/1.9.1/gems/activerecord-2.3.4/lib/active_record/connection_adapters/abstract/connection_pool.rb:188:in `block (2 levels) in checkout'
    /usr/local/lib/ruby/gems/1.9.1/gems/activerecord-2.3.4/lib/active_record/connection_adapters/abstract/connection_pool.rb:184:in `loop'
    /usr/local/lib/ruby/gems/1.9.1/gems/activerecord-2.3.4/lib/active_record/connection_adapters/abstract/connection_pool.rb:184:in `block in checkout'
    /usr/local/lib/ruby/1.9.1/monitor.rb:190:in `mon_synchronize'
    /usr/local/lib/ruby/gems/1.9.1/gems/activerecord-2.3.4/lib/active_record/connection_adapters/abstract/connection_pool.rb:183:in `checkout'
    /usr/local/lib/ruby/gems/1.9.1/gems/activerecord-2.3.4/lib/active_record/connection_adapters/abstract/connection_pool.rb:98:in `connection'
    /usr/local/lib/ruby/gems/1.9.1/gems/activerecord-2.3.4/lib/active_record/connection_adapters/abstract/connection_pool.rb:326:in `retrieve_connection'
    /usr/local/lib/ruby/gems/1.9.1/gems/activerecord-2.3.4/lib/active_record/connection_adapters/abstract/connection_specification.rb:123:in `retrieve_connection'
    /usr/local/lib/ruby/gems/1.9.1/gems/activerecord-2.3.4/lib/active_record/connection_adapters/abstract/connection_specification.rb:115:in `connection'
    /usr/local/lib/ruby/gems/1.9.1/gems/activerecord-2.3.4/lib/active_record/query_cache.rb:9:in `cache'
    /usr/local/lib/ruby/gems/1.9.1/gems/activerecord-2.3.4/lib/active_record/query_cache.rb:28:in `call'
    /usr/local/lib/ruby/gems/1.9.1/gems/activerecord-2.3.4/lib/active_record/connection_adapters/abstract/connection_pool.rb:361:in `call'
    /usr/local/lib/ruby/gems/1.9.1/gems/rack-1.0.1/lib/rack/head.rb:9:in `call'
    /usr/local/lib/ruby/gems/1.9.1/gems/rack-1.0.1/lib/rack/methodoverride.rb:24:in `call'
    /usr/local/lib/ruby/gems/1.9.1/gems/actionpack-2.3.4/lib/action_controller/params_parser.rb:15:in `call'
    /usr/local/lib/ruby/gems/1.9.1/gems/actionpack-2.3.4/lib/action_controller/session/cookie_store.rb:93:in `call'
    /usr/local/lib/ruby/gems/1.9.1/gems/actionpack-2.3.4/lib/action_controller/failsafe.rb:26:in `call'
    /usr/local/lib/ruby/gems/1.9.1/gems/rack-1.0.1/lib/rack/lock.rb:11:in `block in call'
    <internal:prelude>:8:in `synchronize'
    /usr/local/lib/ruby/gems/1.9.1/gems/rack-1.0.1/lib/rack/lock.rb:11:in `call'
    /usr/local/lib/ruby/gems/1.9.1/gems/actionpack-2.3.4/lib/action_controller/dispatcher.rb:114:in `block in call'
    /usr/local/lib/ruby/gems/1.9.1/gems/actionpack-2.3.4/lib/action_controller/reloader.rb:34:in `run'
    /usr/local/lib/ruby/gems/1.9.1/gems/actionpack-2.3.4/lib/action_controller/dispatcher.rb:108:in `call'
    /usr/local/lib/ruby/gems/1.9.1/gems/rails-2.3.4/lib/rails/rack/static.rb:31:in `call'
    /usr/local/lib/ruby/gems/1.9.1/gems/rack-1.0.1/lib/rack/urlmap.rb:46:in `block in call'
    /usr/local/lib/ruby/gems/1.9.1/gems/rack-1.0.1/lib/rack/urlmap.rb:40:in `each'
    /usr/local/lib/ruby/gems/1.9.1/gems/rack-1.0.1/lib/rack/urlmap.rb:40:in `call'
    /usr/local/lib/ruby/gems/1.9.1/gems/rails-2.3.4/lib/rails/rack/log_tailer.rb:17:in `call'
    /usr/local/lib/ruby/gems/1.9.1/gems/rack-1.0.1/lib/rack/content_length.rb:13:in `call'
    /usr/local/lib/ruby/gems/1.9.1/gems/rack-1.0.1/lib/rack/handler/webrick.rb:50:in `service'
    /usr/local/lib/ruby/1.9.1/webrick/httpserver.rb:111:in `service'
    /usr/local/lib/ruby/1.9.1/webrick/httpserver.rb:70:in `run'
    /usr/local/lib/ruby/1.9.1/webrick/server.rb:183:in `block in start_thread'
/!\ FAILSAFE /!\  2009-10-28 11:09:07 -0400
  Status: 500 Internal Server Error
  no such file to load -- sqlite3
    /usr/local/lib/ruby/gems/1.9.1/gems/activesupport-2.3.4/lib/active_support/dependencies.rb:156:in `require'
    /usr/local/lib/ruby/gems/1.9.1/gems/activesupport-2.3.4/lib/active_support/dependencies.rb:156:in `block in require'
    /usr/local/lib/ruby/gems/1.9.1/gems/activesupport-2.3.4/lib/active_support/dependencies.rb:521:in `new_constants_in'
    /usr/local/lib/ruby/gems/1.9.1/gems/activesupport-2.3.4/lib/active_support/dependencies.rb:156:in `require'
    /usr/local/lib/ruby/gems/1.9.1/gems/activesupport-2.3.4/lib/active_support/core_ext/kernel/requires.rb:7:in `block in require_library_or_gem'
    /usr/local/lib/ruby/gems/1.9.1/gems/activesupport-2.3.4/lib/active_support/core_ext/kernel/reporting.rb:11:in `silence_warnings'
    /usr/local/lib/ruby/gems/1.9.1/gems/activesupport-2.3.4/lib/active_support/core_ext/kernel/requires.rb:5:in `require_library_or_gem'
    /usr/local/lib/ruby/gems/1.9.1/gems/activerecord-2.3.4/lib/active_record/connection_adapters/sqlite3_adapter.rb:10:in `sqlite3_connection'
    /usr/local/lib/ruby/gems/1.9.1/gems/activerecord-2.3.4/lib/active_record/connection_adapters/abstract/connection_pool.rb:223:in `new_connection'
    /usr/local/lib/ruby/gems/1.9.1/gems/activerecord-2.3.4/lib/active_record/connection_adapters/abstract/connection_pool.rb:245:in `checkout_new_connection'
    /usr/local/lib/ruby/gems/1.9.1/gems/activerecord-2.3.4/lib/active_record/connection_adapters/abstract/connection_pool.rb:188:in `block (2 levels) in checkout'
    /usr/local/lib/ruby/gems/1.9.1/gems/activerecord-2.3.4/lib/active_record/connection_adapters/abstract/connection_pool.rb:184:in `loop'
    /usr/local/lib/ruby/gems/1.9.1/gems/activerecord-2.3.4/lib/active_record/connection_adapters/abstract/connection_pool.rb:184:in `block in checkout'
    /usr/local/lib/ruby/1.9.1/monitor.rb:190:in `mon_synchronize'
    /usr/local/lib/ruby/gems/1.9.1/gems/activerecord-2.3.4/lib/active_record/connection_adapters/abstract/connection_pool.rb:183:in `checkout'
    /usr/local/lib/ruby/gems/1.9.1/gems/activerecord-2.3.4/lib/active_record/connection_adapters/abstract/connection_pool.rb:98:in `connection'
    /usr/local/lib/ruby/gems/1.9.1/gems/activerecord-2.3.4/lib/active_record/connection_adapters/abstract/connection_pool.rb:326:in `retrieve_connection'
    /usr/local/lib/ruby/gems/1.9.1/gems/activerecord-2.3.4/lib/active_record/connection_adapters/abstract/connection_specification.rb:123:in `retrieve_connection'
    /usr/local/lib/ruby/gems/1.9.1/gems/activerecord-2.3.4/lib/active_record/connection_adapters/abstract/connection_specification.rb:115:in `connection'
    /usr/local/lib/ruby/gems/1.9.1/gems/activerecord-2.3.4/lib/active_record/query_cache.rb:9:in `cache'
    /usr/local/lib/ruby/gems/1.9.1/gems/activerecord-2.3.4/lib/active_record/query_cache.rb:28:in `call'
    /usr/local/lib/ruby/gems/1.9.1/gems/activerecord-2.3.4/lib/active_record/connection_adapters/abstract/connection_pool.rb:361:in `call'
    /usr/local/lib/ruby/gems/1.9.1/gems/rack-1.0.1/lib/rack/head.rb:9:in `call'
    /usr/local/lib/ruby/gems/1.9.1/gems/rack-1.0.1/lib/rack/methodoverride.rb:24:in `call'
    /usr/local/lib/ruby/gems/1.9.1/gems/actionpack-2.3.4/lib/action_controller/params_parser.rb:15:in `call'
    /usr/local/lib/ruby/gems/1.9.1/gems/actionpack-2.3.4/lib/action_controller/session/cookie_store.rb:93:in `call'
    /usr/local/lib/ruby/gems/1.9.1/gems/actionpack-2.3.4/lib/action_controller/failsafe.rb:26:in `call'
    /usr/local/lib/ruby/gems/1.9.1/gems/rack-1.0.1/lib/rack/lock.rb:11:in `block in call'
    <internal:prelude>:8:in `synchronize'
    /usr/local/lib/ruby/gems/1.9.1/gems/rack-1.0.1/lib/rack/lock.rb:11:in `call'
    /usr/local/lib/ruby/gems/1.9.1/gems/actionpack-2.3.4/lib/action_controller/dispatcher.rb:114:in `block in call'
    /usr/local/lib/ruby/gems/1.9.1/gems/actionpack-2.3.4/lib/action_controller/reloader.rb:34:in `run'
    /usr/local/lib/ruby/gems/1.9.1/gems/actionpack-2.3.4/lib/action_controller/dispatcher.rb:108:in `call'
    /usr/local/lib/ruby/gems/1.9.1/gems/rails-2.3.4/lib/rails/rack/static.rb:31:in `call'
    /usr/local/lib/ruby/gems/1.9.1/gems/rack-1.0.1/lib/rack/urlmap.rb:46:in `block in call'
    /usr/local/lib/ruby/gems/1.9.1/gems/rack-1.0.1/lib/rack/urlmap.rb:40:in `each'
    /usr/local/lib/ruby/gems/1.9.1/gems/rack-1.0.1/lib/rack/urlmap.rb:40:in `call'
    /usr/local/lib/ruby/gems/1.9.1/gems/rails-2.3.4/lib/rails/rack/log_tailer.rb:17:in `call'
    /usr/local/lib/ruby/gems/1.9.1/gems/rack-1.0.1/lib/rack/content_length.rb:13:in `call'
    /usr/local/lib/ruby/gems/1.9.1/gems/rack-1.0.1/lib/rack/handler/webrick.rb:50:in `service'
    /usr/local/lib/ruby/1.9.1/webrick/httpserver.rb:111:in `service'
    /usr/local/lib/ruby/1.9.1/webrick/httpserver.rb:70:in `run'
    /usr/local/lib/ruby/1.9.1/webrick/server.rb:183:in `block in start_thread'
/!\ FAILSAFE /!\  2009-10-28 11:09:08 -0400
  Status: 500 Internal Server Error
  no such file to load -- sqlite3
    /usr/local/lib/ruby/gems/1.9.1/gems/activesupport-2.3.4/lib/active_support/dependencies.rb:156:in `require'
    /usr/local/lib/ruby/gems/1.9.1/gems/activesupport-2.3.4/lib/active_support/dependencies.rb:156:in `block in require'
    /usr/local/lib/ruby/gems/1.9.1/gems/activesupport-2.3.4/lib/active_support/dependencies.rb:521:in `new_constants_in'
    /usr/local/lib/ruby/gems/1.9.1/gems/activesupport-2.3.4/lib/active_support/dependencies.rb:156:in `require'
    /usr/local/lib/ruby/gems/1.9.1/gems/activesupport-2.3.4/lib/active_support/core_ext/kernel/requires.rb:7:in `block in require_library_or_gem'
    /usr/local/lib/ruby/gems/1.9.1/gems/activesupport-2.3.4/lib/active_support/core_ext/kernel/reporting.rb:11:in `silence_warnings'
    /usr/local/lib/ruby/gems/1.9.1/gems/activesupport-2.3.4/lib/active_support/core_ext/kernel/requires.rb:5:in `require_library_or_gem'
    /usr/local/lib/ruby/gems/1.9.1/gems/activerecord-2.3.4/lib/active_record/connection_adapters/sqlite3_adapter.rb:10:in `sqlite3_connection'
    /usr/local/lib/ruby/gems/1.9.1/gems/activerecord-2.3.4/lib/active_record/connection_adapters/abstract/connection_pool.rb:223:in `new_connection'
    /usr/local/lib/ruby/gems/1.9.1/gems/activerecord-2.3.4/lib/active_record/connection_adapters/abstract/connection_pool.rb:245:in `checkout_new_connection'
    /usr/local/lib/ruby/gems/1.9.1/gems/activerecord-2.3.4/lib/active_record/connection_adapters/abstract/connection_pool.rb:188:in `block (2 levels) in checkout'
    /usr/local/lib/ruby/gems/1.9.1/gems/activerecord-2.3.4/lib/active_record/connection_adapters/abstract/connection_pool.rb:184:in `loop'
    /usr/local/lib/ruby/gems/1.9.1/gems/activerecord-2.3.4/lib/active_record/connection_adapters/abstract/connection_pool.rb:184:in `block in checkout'
    /usr/local/lib/ruby/1.9.1/monitor.rb:190:in `mon_synchronize'
    /usr/local/lib/ruby/gems/1.9.1/gems/activerecord-2.3.4/lib/active_record/connection_adapters/abstract/connection_pool.rb:183:in `checkout'
    /usr/local/lib/ruby/gems/1.9.1/gems/activerecord-2.3.4/lib/active_record/connection_adapters/abstract/connection_pool.rb:98:in `connection'
    /usr/local/lib/ruby/gems/1.9.1/gems/activerecord-2.3.4/lib/active_record/connection_adapters/abstract/connection_pool.rb:326:in `retrieve_connection'
    /usr/local/lib/ruby/gems/1.9.1/gems/activerecord-2.3.4/lib/active_record/connection_adapters/abstract/connection_specification.rb:123:in `retrieve_connection'
    /usr/local/lib/ruby/gems/1.9.1/gems/activerecord-2.3.4/lib/active_record/connection_adapters/abstract/connection_specification.rb:115:in `connection'
    /usr/local/lib/ruby/gems/1.9.1/gems/activerecord-2.3.4/lib/active_record/query_cache.rb:9:in `cache'
    /usr/local/lib/ruby/gems/1.9.1/gems/activerecord-2.3.4/lib/active_record/query_cache.rb:28:in `call'
    /usr/local/lib/ruby/gems/1.9.1/gems/activerecord-2.3.4/lib/active_record/connection_adapters/abstract/connection_pool.rb:361:in `call'
    /usr/local/lib/ruby/gems/1.9.1/gems/rack-1.0.1/lib/rack/head.rb:9:in `call'
    /usr/local/lib/ruby/gems/1.9.1/gems/rack-1.0.1/lib/rack/methodoverride.rb:24:in `call'
    /usr/local/lib/ruby/gems/1.9.1/gems/actionpack-2.3.4/lib/action_controller/params_parser.rb:15:in `call'
    /usr/local/lib/ruby/gems/1.9.1/gems/actionpack-2.3.4/lib/action_controller/session/cookie_store.rb:93:in `call'
    /usr/local/lib/ruby/gems/1.9.1/gems/actionpack-2.3.4/lib/action_controller/failsafe.rb:26:in `call'
    /usr/local/lib/ruby/gems/1.9.1/gems/rack-1.0.1/lib/rack/lock.rb:11:in `block in call'
    <internal:prelude>:8:in `synchronize'
    /usr/local/lib/ruby/gems/1.9.1/gems/rack-1.0.1/lib/rack/lock.rb:11:in `call'
    /usr/local/lib/ruby/gems/1.9.1/gems/actionpack-2.3.4/lib/action_controller/dispatcher.rb:114:in `block in call'
    /usr/local/lib/ruby/gems/1.9.1/gems/actionpack-2.3.4/lib/action_controller/reloader.rb:34:in `run'
    /usr/local/lib/ruby/gems/1.9.1/gems/actionpack-2.3.4/lib/action_controller/dispatcher.rb:108:in `call'
    /usr/local/lib/ruby/gems/1.9.1/gems/rails-2.3.4/lib/rails/rack/static.rb:31:in `call'
    /usr/local/lib/ruby/gems/1.9.1/gems/rack-1.0.1/lib/rack/urlmap.rb:46:in `block in call'
    /usr/local/lib/ruby/gems/1.9.1/gems/rack-1.0.1/lib/rack/urlmap.rb:40:in `each'
    /usr/local/lib/ruby/gems/1.9.1/gems/rack-1.0.1/lib/rack/urlmap.rb:40:in `call'
    /usr/local/lib/ruby/gems/1.9.1/gems/rails-2.3.4/lib/rails/rack/log_tailer.rb:17:in `call'
    /usr/local/lib/ruby/gems/1.9.1/gems/rack-1.0.1/lib/rack/content_length.rb:13:in `call'
    /usr/local/lib/ruby/gems/1.9.1/gems/rack-1.0.1/lib/rack/handler/webrick.rb:50:in `service'
    /usr/local/lib/ruby/1.9.1/webrick/httpserver.rb:111:in `service'
    /usr/local/lib/ruby/1.9.1/webrick/httpserver.rb:70:in `run'
    /usr/local/lib/ruby/1.9.1/webrick/server.rb:183:in `block in start_thread'
/!\ FAILSAFE /!\  2009-10-28 11:09:09 -0400
  Status: 500 Internal Server Error
  no such file to load -- sqlite3
    /usr/local/lib/ruby/gems/1.9.1/gems/activesupport-2.3.4/lib/active_support/dependencies.rb:156:in `require'
    /usr/local/lib/ruby/gems/1.9.1/gems/activesupport-2.3.4/lib/active_support/dependencies.rb:156:in `block in require'
    /usr/local/lib/ruby/gems/1.9.1/gems/activesupport-2.3.4/lib/active_support/dependencies.rb:521:in `new_constants_in'
    /usr/local/lib/ruby/gems/1.9.1/gems/activesupport-2.3.4/lib/active_support/dependencies.rb:156:in `require'
    /usr/local/lib/ruby/gems/1.9.1/gems/activesupport-2.3.4/lib/active_support/core_ext/kernel/requires.rb:7:in `block in require_library_or_gem'
    /usr/local/lib/ruby/gems/1.9.1/gems/activesupport-2.3.4/lib/active_support/core_ext/kernel/reporting.rb:11:in `silence_warnings'
    /usr/local/lib/ruby/gems/1.9.1/gems/activesupport-2.3.4/lib/active_support/core_ext/kernel/requires.rb:5:in `require_library_or_gem'
    /usr/local/lib/ruby/gems/1.9.1/gems/activerecord-2.3.4/lib/active_record/connection_adapters/sqlite3_adapter.rb:10:in `sqlite3_connection'
    /usr/local/lib/ruby/gems/1.9.1/gems/activerecord-2.3.4/lib/active_record/connection_adapters/abstract/connection_pool.rb:223:in `new_connection'
    /usr/local/lib/ruby/gems/1.9.1/gems/activerecord-2.3.4/lib/active_record/connection_adapters/abstract/connection_pool.rb:245:in `checkout_new_connection'
    /usr/local/lib/ruby/gems/1.9.1/gems/activerecord-2.3.4/lib/active_record/connection_adapters/abstract/connection_pool.rb:188:in `block (2 levels) in checkout'
    /usr/local/lib/ruby/gems/1.9.1/gems/activerecord-2.3.4/lib/active_record/connection_adapters/abstract/connection_pool.rb:184:in `loop'
    /usr/local/lib/ruby/gems/1.9.1/gems/activerecord-2.3.4/lib/active_record/connection_adapters/abstract/connection_pool.rb:184:in `block in checkout'
    /usr/local/lib/ruby/1.9.1/monitor.rb:190:in `mon_synchronize'
    /usr/local/lib/ruby/gems/1.9.1/gems/activerecord-2.3.4/lib/active_record/connection_adapters/abstract/connection_pool.rb:183:in `checkout'
    /usr/local/lib/ruby/gems/1.9.1/gems/activerecord-2.3.4/lib/active_record/connection_adapters/abstract/connection_pool.rb:98:in `connection'
    /usr/local/lib/ruby/gems/1.9.1/gems/activerecord-2.3.4/lib/active_record/connection_adapters/abstract/connection_pool.rb:326:in `retrieve_connection'
    /usr/local/lib/ruby/gems/1.9.1/gems/activerecord-2.3.4/lib/active_record/connection_adapters/abstract/connection_specification.rb:123:in `retrieve_connection'
    /usr/local/lib/ruby/gems/1.9.1/gems/activerecord-2.3.4/lib/active_record/connection_adapters/abstract/connection_specification.rb:115:in `connection'
    /usr/local/lib/ruby/gems/1.9.1/gems/activerecord-2.3.4/lib/active_record/query_cache.rb:9:in `cache'
    /usr/local/lib/ruby/gems/1.9.1/gems/activerecord-2.3.4/lib/active_record/query_cache.rb:28:in `call'
    /usr/local/lib/ruby/gems/1.9.1/gems/activerecord-2.3.4/lib/active_record/connection_adapters/abstract/connection_pool.rb:361:in `call'
    /usr/local/lib/ruby/gems/1.9.1/gems/rack-1.0.1/lib/rack/head.rb:9:in `call'
    /usr/local/lib/ruby/gems/1.9.1/gems/rack-1.0.1/lib/rack/methodoverride.rb:24:in `call'
    /usr/local/lib/ruby/gems/1.9.1/gems/actionpack-2.3.4/lib/action_controller/params_parser.rb:15:in `call'
    /usr/local/lib/ruby/gems/1.9.1/gems/actionpack-2.3.4/lib/action_controller/session/cookie_store.rb:93:in `call'
    /usr/local/lib/ruby/gems/1.9.1/gems/actionpack-2.3.4/lib/action_controller/failsafe.rb:26:in `call'
    /usr/local/lib/ruby/gems/1.9.1/gems/rack-1.0.1/lib/rack/lock.rb:11:in `block in call'
    <internal:prelude>:8:in `synchronize'
    /usr/local/lib/ruby/gems/1.9.1/gems/rack-1.0.1/lib/rack/lock.rb:11:in `call'
    /usr/local/lib/ruby/gems/1.9.1/gems/actionpack-2.3.4/lib/action_controller/dispatcher.rb:114:in `block in call'
    /usr/local/lib/ruby/gems/1.9.1/gems/actionpack-2.3.4/lib/action_controller/reloader.rb:34:in `run'
    /usr/local/lib/ruby/gems/1.9.1/gems/actionpack-2.3.4/lib/action_controller/dispatcher.rb:108:in `call'
    /usr/local/lib/ruby/gems/1.9.1/gems/rails-2.3.4/lib/rails/rack/static.rb:31:in `call'
    /usr/local/lib/ruby/gems/1.9.1/gems/rack-1.0.1/lib/rack/urlmap.rb:46:in `block in call'
    /usr/local/lib/ruby/gems/1.9.1/gems/rack-1.0.1/lib/rack/urlmap.rb:40:in `each'
    /usr/local/lib/ruby/gems/1.9.1/gems/rack-1.0.1/lib/rack/urlmap.rb:40:in `call'
    /usr/local/lib/ruby/gems/1.9.1/gems/rails-2.3.4/lib/rails/rack/log_tailer.rb:17:in `call'
    /usr/local/lib/ruby/gems/1.9.1/gems/rack-1.0.1/lib/rack/content_length.rb:13:in `call'
    /usr/local/lib/ruby/gems/1.9.1/gems/rack-1.0.1/lib/rack/handler/webrick.rb:50:in `service'
    /usr/local/lib/ruby/1.9.1/webrick/httpserver.rb:111:in `service'
    /usr/local/lib/ruby/1.9.1/webrick/httpserver.rb:70:in `run'
    /usr/local/lib/ruby/1.9.1/webrick/server.rb:183:in `block in start_thread'
/!\ FAILSAFE /!\  2009-10-28 11:09:39 -0400
  Status: 500 Internal Server Error
  no such file to load -- sqlite3
    /usr/local/lib/ruby/gems/1.9.1/gems/activesupport-2.3.4/lib/active_support/dependencies.rb:156:in `require'
    /usr/local/lib/ruby/gems/1.9.1/gems/activesupport-2.3.4/lib/active_support/dependencies.rb:156:in `block in require'
    /usr/local/lib/ruby/gems/1.9.1/gems/activesupport-2.3.4/lib/active_support/dependencies.rb:521:in `new_constants_in'
    /usr/local/lib/ruby/gems/1.9.1/gems/activesupport-2.3.4/lib/active_support/dependencies.rb:156:in `require'
    /usr/local/lib/ruby/gems/1.9.1/gems/activesupport-2.3.4/lib/active_support/core_ext/kernel/requires.rb:7:in `block in require_library_or_gem'
    /usr/local/lib/ruby/gems/1.9.1/gems/activesupport-2.3.4/lib/active_support/core_ext/kernel/reporting.rb:11:in `silence_warnings'
    /usr/local/lib/ruby/gems/1.9.1/gems/activesupport-2.3.4/lib/active_support/core_ext/kernel/requires.rb:5:in `require_library_or_gem'
    /usr/local/lib/ruby/gems/1.9.1/gems/activerecord-2.3.4/lib/active_record/connection_adapters/sqlite3_adapter.rb:10:in `sqlite3_connection'
    /usr/local/lib/ruby/gems/1.9.1/gems/activerecord-2.3.4/lib/active_record/connection_adapters/abstract/connection_pool.rb:223:in `new_connection'
    /usr/local/lib/ruby/gems/1.9.1/gems/activerecord-2.3.4/lib/active_record/connection_adapters/abstract/connection_pool.rb:245:in `checkout_new_connection'
    /usr/local/lib/ruby/gems/1.9.1/gems/activerecord-2.3.4/lib/active_record/connection_adapters/abstract/connection_pool.rb:188:in `block (2 levels) in checkout'
    /usr/local/lib/ruby/gems/1.9.1/gems/activerecord-2.3.4/lib/active_record/connection_adapters/abstract/connection_pool.rb:184:in `loop'
    /usr/local/lib/ruby/gems/1.9.1/gems/activerecord-2.3.4/lib/active_record/connection_adapters/abstract/connection_pool.rb:184:in `block in checkout'
    /usr/local/lib/ruby/1.9.1/monitor.rb:190:in `mon_synchronize'
    /usr/local/lib/ruby/gems/1.9.1/gems/activerecord-2.3.4/lib/active_record/connection_adapters/abstract/connection_pool.rb:183:in `checkout'
    /usr/local/lib/ruby/gems/1.9.1/gems/activerecord-2.3.4/lib/active_record/connection_adapters/abstract/connection_pool.rb:98:in `connection'
    /usr/local/lib/ruby/gems/1.9.1/gems/activerecord-2.3.4/lib/active_record/connection_adapters/abstract/connection_pool.rb:326:in `retrieve_connection'
    /usr/local/lib/ruby/gems/1.9.1/gems/activerecord-2.3.4/lib/active_record/connection_adapters/abstract/connection_specification.rb:123:in `retrieve_connection'
    /usr/local/lib/ruby/gems/1.9.1/gems/activerecord-2.3.4/lib/active_record/connection_adapters/abstract/connection_specification.rb:115:in `connection'
    /usr/local/lib/ruby/gems/1.9.1/gems/activerecord-2.3.4/lib/active_record/query_cache.rb:9:in `cache'
    /usr/local/lib/ruby/gems/1.9.1/gems/activerecord-2.3.4/lib/active_record/query_cache.rb:28:in `call'
    /usr/local/lib/ruby/gems/1.9.1/gems/activerecord-2.3.4/lib/active_record/connection_adapters/abstract/connection_pool.rb:361:in `call'
    /usr/local/lib/ruby/gems/1.9.1/gems/rack-1.0.1/lib/rack/head.rb:9:in `call'
    /usr/local/lib/ruby/gems/1.9.1/gems/rack-1.0.1/lib/rack/methodoverride.rb:24:in `call'
    /usr/local/lib/ruby/gems/1.9.1/gems/actionpack-2.3.4/lib/action_controller/params_parser.rb:15:in `call'
    /usr/local/lib/ruby/gems/1.9.1/gems/actionpack-2.3.4/lib/action_controller/session/cookie_store.rb:93:in `call'
    /usr/local/lib/ruby/gems/1.9.1/gems/actionpack-2.3.4/lib/action_controller/failsafe.rb:26:in `call'
    /usr/local/lib/ruby/gems/1.9.1/gems/rack-1.0.1/lib/rack/lock.rb:11:in `block in call'
    <internal:prelude>:8:in `synchronize'
    /usr/local/lib/ruby/gems/1.9.1/gems/rack-1.0.1/lib/rack/lock.rb:11:in `call'
    /usr/local/lib/ruby/gems/1.9.1/gems/actionpack-2.3.4/lib/action_controller/dispatcher.rb:114:in `block in call'
    /usr/local/lib/ruby/gems/1.9.1/gems/actionpack-2.3.4/lib/action_controller/reloader.rb:34:in `run'
    /usr/local/lib/ruby/gems/1.9.1/gems/actionpack-2.3.4/lib/action_controller/dispatcher.rb:108:in `call'
    /usr/local/lib/ruby/gems/1.9.1/gems/rails-2.3.4/lib/rails/rack/static.rb:31:in `call'
    /usr/local/lib/ruby/gems/1.9.1/gems/rack-1.0.1/lib/rack/urlmap.rb:46:in `block in call'
    /usr/local/lib/ruby/gems/1.9.1/gems/rack-1.0.1/lib/rack/urlmap.rb:40:in `each'
    /usr/local/lib/ruby/gems/1.9.1/gems/rack-1.0.1/lib/rack/urlmap.rb:40:in `call'
    /usr/local/lib/ruby/gems/1.9.1/gems/rails-2.3.4/lib/rails/rack/log_tailer.rb:17:in `call'
    /usr/local/lib/ruby/gems/1.9.1/gems/rack-1.0.1/lib/rack/content_length.rb:13:in `call'
    /usr/local/lib/ruby/gems/1.9.1/gems/rack-1.0.1/lib/rack/handler/webrick.rb:50:in `service'
    /usr/local/lib/ruby/1.9.1/webrick/httpserver.rb:111:in `service'
    /usr/local/lib/ruby/1.9.1/webrick/httpserver.rb:70:in `run'
    /usr/local/lib/ruby/1.9.1/webrick/server.rb:183:in `block in start_thread'
/!\ FAILSAFE /!\  2009-10-28 11:09:40 -0400
  Status: 500 Internal Server Error
  no such file to load -- sqlite3
    /usr/local/lib/ruby/gems/1.9.1/gems/activesupport-2.3.4/lib/active_support/dependencies.rb:156:in `require'
    /usr/local/lib/ruby/gems/1.9.1/gems/activesupport-2.3.4/lib/active_support/dependencies.rb:156:in `block in require'
    /usr/local/lib/ruby/gems/1.9.1/gems/activesupport-2.3.4/lib/active_support/dependencies.rb:521:in `new_constants_in'
    /usr/local/lib/ruby/gems/1.9.1/gems/activesupport-2.3.4/lib/active_support/dependencies.rb:156:in `require'
    /usr/local/lib/ruby/gems/1.9.1/gems/activesupport-2.3.4/lib/active_support/core_ext/kernel/requires.rb:7:in `block in require_library_or_gem'
    /usr/local/lib/ruby/gems/1.9.1/gems/activesupport-2.3.4/lib/active_support/core_ext/kernel/reporting.rb:11:in `silence_warnings'
    /usr/local/lib/ruby/gems/1.9.1/gems/activesupport-2.3.4/lib/active_support/core_ext/kernel/requires.rb:5:in `require_library_or_gem'
    /usr/local/lib/ruby/gems/1.9.1/gems/activerecord-2.3.4/lib/active_record/connection_adapters/sqlite3_adapter.rb:10:in `sqlite3_connection'
    /usr/local/lib/ruby/gems/1.9.1/gems/activerecord-2.3.4/lib/active_record/connection_adapters/abstract/connection_pool.rb:223:in `new_connection'
    /usr/local/lib/ruby/gems/1.9.1/gems/activerecord-2.3.4/lib/active_record/connection_adapters/abstract/connection_pool.rb:245:in `checkout_new_connection'
    /usr/local/lib/ruby/gems/1.9.1/gems/activerecord-2.3.4/lib/active_record/connection_adapters/abstract/connection_pool.rb:188:in `block (2 levels) in checkout'
    /usr/local/lib/ruby/gems/1.9.1/gems/activerecord-2.3.4/lib/active_record/connection_adapters/abstract/connection_pool.rb:184:in `loop'
    /usr/local/lib/ruby/gems/1.9.1/gems/activerecord-2.3.4/lib/active_record/connection_adapters/abstract/connection_pool.rb:184:in `block in checkout'
    /usr/local/lib/ruby/1.9.1/monitor.rb:190:in `mon_synchronize'
    /usr/local/lib/ruby/gems/1.9.1/gems/activerecord-2.3.4/lib/active_record/connection_adapters/abstract/connection_pool.rb:183:in `checkout'
    /usr/local/lib/ruby/gems/1.9.1/gems/activerecord-2.3.4/lib/active_record/connection_adapters/abstract/connection_pool.rb:98:in `connection'
    /usr/local/lib/ruby/gems/1.9.1/gems/activerecord-2.3.4/lib/active_record/connection_adapters/abstract/connection_pool.rb:326:in `retrieve_connection'
    /usr/local/lib/ruby/gems/1.9.1/gems/activerecord-2.3.4/lib/active_record/connection_adapters/abstract/connection_specification.rb:123:in `retrieve_connection'
    /usr/local/lib/ruby/gems/1.9.1/gems/activerecord-2.3.4/lib/active_record/connection_adapters/abstract/connection_specification.rb:115:in `connection'
    /usr/local/lib/ruby/gems/1.9.1/gems/activerecord-2.3.4/lib/active_record/query_cache.rb:9:in `cache'
    /usr/local/lib/ruby/gems/1.9.1/gems/activerecord-2.3.4/lib/active_record/query_cache.rb:28:in `call'
    /usr/local/lib/ruby/gems/1.9.1/gems/activerecord-2.3.4/lib/active_record/connection_adapters/abstract/connection_pool.rb:361:in `call'
    /usr/local/lib/ruby/gems/1.9.1/gems/rack-1.0.1/lib/rack/head.rb:9:in `call'
    /usr/local/lib/ruby/gems/1.9.1/gems/rack-1.0.1/lib/rack/methodoverride.rb:24:in `call'
    /usr/local/lib/ruby/gems/1.9.1/gems/actionpack-2.3.4/lib/action_controller/params_parser.rb:15:in `call'
    /usr/local/lib/ruby/gems/1.9.1/gems/actionpack-2.3.4/lib/action_controller/session/cookie_store.rb:93:in `call'
    /usr/local/lib/ruby/gems/1.9.1/gems/actionpack-2.3.4/lib/action_controller/failsafe.rb:26:in `call'
    /usr/local/lib/ruby/gems/1.9.1/gems/rack-1.0.1/lib/rack/lock.rb:11:in `block in call'
    <internal:prelude>:8:in `synchronize'
    /usr/local/lib/ruby/gems/1.9.1/gems/rack-1.0.1/lib/rack/lock.rb:11:in `call'
    /usr/local/lib/ruby/gems/1.9.1/gems/actionpack-2.3.4/lib/action_controller/dispatcher.rb:114:in `block in call'
    /usr/local/lib/ruby/gems/1.9.1/gems/actionpack-2.3.4/lib/action_controller/reloader.rb:34:in `run'
    /usr/local/lib/ruby/gems/1.9.1/gems/actionpack-2.3.4/lib/action_controller/dispatcher.rb:108:in `call'
    /usr/local/lib/ruby/gems/1.9.1/gems/rails-2.3.4/lib/rails/rack/static.rb:31:in `call'
    /usr/local/lib/ruby/gems/1.9.1/gems/rack-1.0.1/lib/rack/urlmap.rb:46:in `block in call'
    /usr/local/lib/ruby/gems/1.9.1/gems/rack-1.0.1/lib/rack/urlmap.rb:40:in `each'
    /usr/local/lib/ruby/gems/1.9.1/gems/rack-1.0.1/lib/rack/urlmap.rb:40:in `call'
    /usr/local/lib/ruby/gems/1.9.1/gems/rails-2.3.4/lib/rails/rack/log_tailer.rb:17:in `call'
    /usr/local/lib/ruby/gems/1.9.1/gems/rack-1.0.1/lib/rack/content_length.rb:13:in `call'
    /usr/local/lib/ruby/gems/1.9.1/gems/rack-1.0.1/lib/rack/handler/webrick.rb:50:in `service'
    /usr/local/lib/ruby/1.9.1/webrick/httpserver.rb:111:in `service'
    /usr/local/lib/ruby/1.9.1/webrick/httpserver.rb:70:in `run'
    /usr/local/lib/ruby/1.9.1/webrick/server.rb:183:in `block in start_thread'
/!\ FAILSAFE /!\  2009-10-28 11:10:04 -0400
  Status: 500 Internal Server Error
  no such file to load -- sqlite3
    /usr/local/lib/ruby/gems/1.9.1/gems/activesupport-2.3.4/lib/active_support/dependencies.rb:156:in `require'
    /usr/local/lib/ruby/gems/1.9.1/gems/activesupport-2.3.4/lib/active_support/dependencies.rb:156:in `block in require'
    /usr/local/lib/ruby/gems/1.9.1/gems/activesupport-2.3.4/lib/active_support/dependencies.rb:521:in `new_constants_in'
    /usr/local/lib/ruby/gems/1.9.1/gems/activesupport-2.3.4/lib/active_support/dependencies.rb:156:in `require'
    /usr/local/lib/ruby/gems/1.9.1/gems/activesupport-2.3.4/lib/active_support/core_ext/kernel/requires.rb:7:in `block in require_library_or_gem'
    /usr/local/lib/ruby/gems/1.9.1/gems/activesupport-2.3.4/lib/active_support/core_ext/kernel/reporting.rb:11:in `silence_warnings'
    /usr/local/lib/ruby/gems/1.9.1/gems/activesupport-2.3.4/lib/active_support/core_ext/kernel/requires.rb:5:in `require_library_or_gem'
    /usr/local/lib/ruby/gems/1.9.1/gems/activerecord-2.3.4/lib/active_record/connection_adapters/sqlite3_adapter.rb:10:in `sqlite3_connection'
    /usr/local/lib/ruby/gems/1.9.1/gems/activerecord-2.3.4/lib/active_record/connection_adapters/abstract/connection_pool.rb:223:in `new_connection'
    /usr/local/lib/ruby/gems/1.9.1/gems/activerecord-2.3.4/lib/active_record/connection_adapters/abstract/connection_pool.rb:245:in `checkout_new_connection'
    /usr/local/lib/ruby/gems/1.9.1/gems/activerecord-2.3.4/lib/active_record/connection_adapters/abstract/connection_pool.rb:188:in `block (2 levels) in checkout'
    /usr/local/lib/ruby/gems/1.9.1/gems/activerecord-2.3.4/lib/active_record/connection_adapters/abstract/connection_pool.rb:184:in `loop'
    /usr/local/lib/ruby/gems/1.9.1/gems/activerecord-2.3.4/lib/active_record/connection_adapters/abstract/connection_pool.rb:184:in `block in checkout'
    /usr/local/lib/ruby/1.9.1/monitor.rb:190:in `mon_synchronize'
    /usr/local/lib/ruby/gems/1.9.1/gems/activerecord-2.3.4/lib/active_record/connection_adapters/abstract/connection_pool.rb:183:in `checkout'
    /usr/local/lib/ruby/gems/1.9.1/gems/activerecord-2.3.4/lib/active_record/connection_adapters/abstract/connection_pool.rb:98:in `connection'
    /usr/local/lib/ruby/gems/1.9.1/gems/activerecord-2.3.4/lib/active_record/connection_adapters/abstract/connection_pool.rb:326:in `retrieve_connection'
    /usr/local/lib/ruby/gems/1.9.1/gems/activerecord-2.3.4/lib/active_record/connection_adapters/abstract/connection_specification.rb:123:in `retrieve_connection'
    /usr/local/lib/ruby/gems/1.9.1/gems/activerecord-2.3.4/lib/active_record/connection_adapters/abstract/connection_specification.rb:115:in `connection'
    /usr/local/lib/ruby/gems/1.9.1/gems/activerecord-2.3.4/lib/active_record/query_cache.rb:9:in `cache'
    /usr/local/lib/ruby/gems/1.9.1/gems/activerecord-2.3.4/lib/active_record/query_cache.rb:28:in `call'
    /usr/local/lib/ruby/gems/1.9.1/gems/activerecord-2.3.4/lib/active_record/connection_adapters/abstract/connection_pool.rb:361:in `call'
    /usr/local/lib/ruby/gems/1.9.1/gems/rack-1.0.1/lib/rack/head.rb:9:in `call'
    /usr/local/lib/ruby/gems/1.9.1/gems/rack-1.0.1/lib/rack/methodoverride.rb:24:in `call'
    /usr/local/lib/ruby/gems/1.9.1/gems/actionpack-2.3.4/lib/action_controller/params_parser.rb:15:in `call'
    /usr/local/lib/ruby/gems/1.9.1/gems/actionpack-2.3.4/lib/action_controller/session/cookie_store.rb:93:in `call'
    /usr/local/lib/ruby/gems/1.9.1/gems/actionpack-2.3.4/lib/action_controller/failsafe.rb:26:in `call'
    /usr/local/lib/ruby/gems/1.9.1/gems/rack-1.0.1/lib/rack/lock.rb:11:in `block in call'
    <internal:prelude>:8:in `synchronize'
    /usr/local/lib/ruby/gems/1.9.1/gems/rack-1.0.1/lib/rack/lock.rb:11:in `call'
    /usr/local/lib/ruby/gems/1.9.1/gems/actionpack-2.3.4/lib/action_controller/dispatcher.rb:114:in `block in call'
    /usr/local/lib/ruby/gems/1.9.1/gems/actionpack-2.3.4/lib/action_controller/reloader.rb:34:in `run'
    /usr/local/lib/ruby/gems/1.9.1/gems/actionpack-2.3.4/lib/action_controller/dispatcher.rb:108:in `call'
    /usr/local/lib/ruby/gems/1.9.1/gems/rails-2.3.4/lib/rails/rack/static.rb:31:in `call'
    /usr/local/lib/ruby/gems/1.9.1/gems/rack-1.0.1/lib/rack/urlmap.rb:46:in `block in call'
    /usr/local/lib/ruby/gems/1.9.1/gems/rack-1.0.1/lib/rack/urlmap.rb:40:in `each'
    /usr/local/lib/ruby/gems/1.9.1/gems/rack-1.0.1/lib/rack/urlmap.rb:40:in `call'
    /usr/local/lib/ruby/gems/1.9.1/gems/rails-2.3.4/lib/rails/rack/log_tailer.rb:17:in `call'
    /usr/local/lib/ruby/gems/1.9.1/gems/rack-1.0.1/lib/rack/content_length.rb:13:in `call'
    /usr/local/lib/ruby/gems/1.9.1/gems/rack-1.0.1/lib/rack/handler/webrick.rb:50:in `service'
    /usr/local/lib/ruby/1.9.1/webrick/httpserver.rb:111:in `service'
    /usr/local/lib/ruby/1.9.1/webrick/httpserver.rb:70:in `run'
    /usr/local/lib/ruby/1.9.1/webrick/server.rb:183:in `block in start_thread'
/!\ FAILSAFE /!\  2009-10-28 11:10:05 -0400
  Status: 500 Internal Server Error
  no such file to load -- sqlite3
    /usr/local/lib/ruby/gems/1.9.1/gems/activesupport-2.3.4/lib/active_support/dependencies.rb:156:in `require'
    /usr/local/lib/ruby/gems/1.9.1/gems/activesupport-2.3.4/lib/active_support/dependencies.rb:156:in `block in require'
    /usr/local/lib/ruby/gems/1.9.1/gems/activesupport-2.3.4/lib/active_support/dependencies.rb:521:in `new_constants_in'
    /usr/local/lib/ruby/gems/1.9.1/gems/activesupport-2.3.4/lib/active_support/dependencies.rb:156:in `require'
    /usr/local/lib/ruby/gems/1.9.1/gems/activesupport-2.3.4/lib/active_support/core_ext/kernel/requires.rb:7:in `block in require_library_or_gem'
    /usr/local/lib/ruby/gems/1.9.1/gems/activesupport-2.3.4/lib/active_support/core_ext/kernel/reporting.rb:11:in `silence_warnings'
    /usr/local/lib/ruby/gems/1.9.1/gems/activesupport-2.3.4/lib/active_support/core_ext/kernel/requires.rb:5:in `require_library_or_gem'
    /usr/local/lib/ruby/gems/1.9.1/gems/activerecord-2.3.4/lib/active_record/connection_adapters/sqlite3_adapter.rb:10:in `sqlite3_connection'
    /usr/local/lib/ruby/gems/1.9.1/gems/activerecord-2.3.4/lib/active_record/connection_adapters/abstract/connection_pool.rb:223:in `new_connection'
    /usr/local/lib/ruby/gems/1.9.1/gems/activerecord-2.3.4/lib/active_record/connection_adapters/abstract/connection_pool.rb:245:in `checkout_new_connection'
    /usr/local/lib/ruby/gems/1.9.1/gems/activerecord-2.3.4/lib/active_record/connection_adapters/abstract/connection_pool.rb:188:in `block (2 levels) in checkout'
    /usr/local/lib/ruby/gems/1.9.1/gems/activerecord-2.3.4/lib/active_record/connection_adapters/abstract/connection_pool.rb:184:in `loop'
    /usr/local/lib/ruby/gems/1.9.1/gems/activerecord-2.3.4/lib/active_record/connection_adapters/abstract/connection_pool.rb:184:in `block in checkout'
    /usr/local/lib/ruby/1.9.1/monitor.rb:190:in `mon_synchronize'
    /usr/local/lib/ruby/gems/1.9.1/gems/activerecord-2.3.4/lib/active_record/connection_adapters/abstract/connection_pool.rb:183:in `checkout'
    /usr/local/lib/ruby/gems/1.9.1/gems/activerecord-2.3.4/lib/active_record/connection_adapters/abstract/connection_pool.rb:98:in `connection'
    /usr/local/lib/ruby/gems/1.9.1/gems/activerecord-2.3.4/lib/active_record/connection_adapters/abstract/connection_pool.rb:326:in `retrieve_connection'
    /usr/local/lib/ruby/gems/1.9.1/gems/activerecord-2.3.4/lib/active_record/connection_adapters/abstract/connection_specification.rb:123:in `retrieve_connection'
    /usr/local/lib/ruby/gems/1.9.1/gems/activerecord-2.3.4/lib/active_record/connection_adapters/abstract/connection_specification.rb:115:in `connection'
    /usr/local/lib/ruby/gems/1.9.1/gems/activerecord-2.3.4/lib/active_record/query_cache.rb:9:in `cache'
    /usr/local/lib/ruby/gems/1.9.1/gems/activerecord-2.3.4/lib/active_record/query_cache.rb:28:in `call'
    /usr/local/lib/ruby/gems/1.9.1/gems/activerecord-2.3.4/lib/active_record/connection_adapters/abstract/connection_pool.rb:361:in `call'
    /usr/local/lib/ruby/gems/1.9.1/gems/rack-1.0.1/lib/rack/head.rb:9:in `call'
    /usr/local/lib/ruby/gems/1.9.1/gems/rack-1.0.1/lib/rack/methodoverride.rb:24:in `call'
    /usr/local/lib/ruby/gems/1.9.1/gems/actionpack-2.3.4/lib/action_controller/params_parser.rb:15:in `call'
    /usr/local/lib/ruby/gems/1.9.1/gems/actionpack-2.3.4/lib/action_controller/session/cookie_store.rb:93:in `call'
    /usr/local/lib/ruby/gems/1.9.1/gems/actionpack-2.3.4/lib/action_controller/failsafe.rb:26:in `call'
    /usr/local/lib/ruby/gems/1.9.1/gems/rack-1.0.1/lib/rack/lock.rb:11:in `block in call'
    <internal:prelude>:8:in `synchronize'
    /usr/local/lib/ruby/gems/1.9.1/gems/rack-1.0.1/lib/rack/lock.rb:11:in `call'
    /usr/local/lib/ruby/gems/1.9.1/gems/actionpack-2.3.4/lib/action_controller/dispatcher.rb:114:in `block in call'
    /usr/local/lib/ruby/gems/1.9.1/gems/actionpack-2.3.4/lib/action_controller/reloader.rb:34:in `run'
    /usr/local/lib/ruby/gems/1.9.1/gems/actionpack-2.3.4/lib/action_controller/dispatcher.rb:108:in `call'
    /usr/local/lib/ruby/gems/1.9.1/gems/rails-2.3.4/lib/rails/rack/static.rb:31:in `call'
    /usr/local/lib/ruby/gems/1.9.1/gems/rack-1.0.1/lib/rack/urlmap.rb:46:in `block in call'
    /usr/local/lib/ruby/gems/1.9.1/gems/rack-1.0.1/lib/rack/urlmap.rb:40:in `each'
    /usr/local/lib/ruby/gems/1.9.1/gems/rack-1.0.1/lib/rack/urlmap.rb:40:in `call'
    /usr/local/lib/ruby/gems/1.9.1/gems/rails-2.3.4/lib/rails/rack/log_tailer.rb:17:in `call'
    /usr/local/lib/ruby/gems/1.9.1/gems/rack-1.0.1/lib/rack/content_length.rb:13:in `call'
    /usr/local/lib/ruby/gems/1.9.1/gems/rack-1.0.1/lib/rack/handler/webrick.rb:50:in `service'
    /usr/local/lib/ruby/1.9.1/webrick/httpserver.rb:111:in `service'
    /usr/local/lib/ruby/1.9.1/webrick/httpserver.rb:70:in `run'
    /usr/local/lib/ruby/1.9.1/webrick/server.rb:183:in `block in start_thread'
  [4;36;1mSQL (0.5ms)[0m   [0;1m SELECT name
 FROM sqlite_master
 WHERE type = 'table' AND NOT name = 'sqlite_sequence'
[0m
  [4;35;1mSQL (0.2ms)[0m   [0mselect sqlite_version(*)[0m
  [4;36;1mSQL (3.0ms)[0m   [0;1mCREATE TABLE "schema_migrations" ("version" varchar(255) NOT NULL) [0m
  [4;35;1mSQL (2.7ms)[0m   [0mCREATE UNIQUE INDEX "unique_schema_migrations" ON "schema_migrations" ("version")[0m
  [4;36;1mSQL (0.3ms)[0m   [0;1m SELECT name
 FROM sqlite_master
 WHERE type = 'table' AND NOT name = 'sqlite_sequence'
[0m
  [4;35;1mSQL (0.3ms)[0m   [0m SELECT name
 FROM sqlite_master
 WHERE type = 'table' AND NOT name = 'sqlite_sequence'
[0m
  [4;36;1mSQL (0.1ms)[0m   [0;1mSELECT version FROM schema_migrations[0m
  [4;35;1mSQL (0.2ms)[0m   [0m SELECT name
 FROM sqlite_master
 WHERE type = 'table' AND NOT name = 'sqlite_sequence'
[0m


Processing HomeController#index (for 168.229.24.34 at 2009-10-28 11:15:07) [GET]
Rendering home/index
Completed in 44ms (View: 42, DB: 0) | 200 OK [http://74.68.50.157/]


Processing HomeController#index (for 168.229.24.34 at 2009-10-28 11:15:10) [GET]
Rendering home/index
Completed in 3ms (View: 1, DB: 0) | 200 OK [http://74.68.50.157/]


Processing HomeController#index (for 168.229.24.34 at 2009-10-28 11:15:10) [GET]
Rendering home/index
Completed in 3ms (View: 1, DB: 0) | 200 OK [http://74.68.50.157/]
